<?xml version="1.0" encoding="UTF-8"?>
<!-- Generated by org.testng.reporters.JUnitXMLReporter -->
<testsuite ignored="0" hostname="DESKTOP-GRAQ34B" failures="0" tests="2" name="Select category and filter items" time="31.403" errors="0" timestamp="2024-02-07T20:55:36 CET">
  <testcase classname="filterAndSortItemsTest" name="selectCategoryTest" time="18.574"/>
  <testcase classname="filterAndSortItemsTest" name="showOnlyDiscountedItemsTest" time="6.815"/>
</testsuite> <!-- Select category and filter items -->
